<?xml version="1.0" encoding="utf-8"?><testsuites name="pytest tests"><testsuite name="pytest" errors="0" failures="0" skipped="0" tests="30" time="12.834" timestamp="2026-04-28T10:52:32.750299+00:00" hostname="agent-env-983f3441-7ad1-4c62-adad-848dda533dc7"><testcase classname="backend.tests.test_mediconsult.TestAuth" name="test_register_new_user" time="0.232" /><testcase classname="backend.tests.test_mediconsult.TestAuth" name="test_admin_login" time="0.337" /><testcase classname="backend.tests.test_mediconsult.TestAuth" name="test_login_invalid_credentials" time="0.151" /><testcase classname="backend.tests.test_mediconsult.TestAuth" name="test_get_me_with_token" time="0.452" /><testcase classname="backend.tests.test_mediconsult.TestAuth" name="test_get_me_no_token" time="0.100" /><testcase classname="backend.tests.test_mediconsult.TestAuth" name="test_google_auth_invalid_session" time="0.263" /><testcase classname="backend.tests.test_mediconsult.TestAuth" name="test_google_auth_missing_session" time="0.134" /><testcase classname="backend.tests.test_mediconsult.TestDoctors" name="test_list_doctors_public" time="0.108" /><testcase classname="backend.tests.test_mediconsult.TestDoctors" name="test_get_doctor_by_id" time="0.227" /><testcase classname="backend.tests.test_mediconsult.TestDoctors" name="test_get_available_slots" time="0.228" /><testcase classname="backend.tests.test_mediconsult.TestDoctors" name="test_create_doctor_as_admin" time="0.124" /><testcase classname="backend.tests.test_mediconsult.TestDoctors" name="test_create_doctor_unauthorized" time="0.563" /><testcase classname="backend.tests.test_mediconsult.TestDoctors" name="test_update_doctor_as_admin" time="0.113" /><testcase classname="backend.tests.test_mediconsult.TestDoctors" name="test_delete_doctor_as_admin" time="0.104" /><testcase classname="backend.tests.test_mediconsult.TestAppointments" name="test_create_appointment" time="0.231" /><testcase classname="backend.tests.test_mediconsult.TestAppointments" name="test_list_appointments_user" time="0.107" /><testcase classname="backend.tests.test_mediconsult.TestAppointments" name="test_list_appointments_admin" time="0.106" /><testcase classname="backend.tests.test_mediconsult.TestAppointments" name="test_get_appointment" time="0.099" /><testcase classname="backend.tests.test_mediconsult.TestAppointments" name="test_list_appointments_no_auth" time="0.114" /><testcase classname="backend.tests.test_mediconsult.TestPayments" name="test_initiate_payment_real_phonepe_v2" time="2.386" /><testcase classname="backend.tests.test_mediconsult.TestPayments" name="test_get_payment_status_pending" time="1.113" /><testcase classname="backend.tests.test_mediconsult.TestPayments" name="test_webhook_marks_completed" time="1.678" /><testcase classname="backend.tests.test_mediconsult.TestPayments" name="test_webhook_marks_failed" time="1.571" /><testcase classname="backend.tests.test_mediconsult.TestPayments" name="test_payment_invalid_txn" time="0.104" /><testcase classname="backend.tests.test_mediconsult.TestPayments" name="test_simulate_endpoint_still_works" time="1.443" /><testcase classname="backend.tests.test_mediconsult.TestAdmin" name="test_get_admin_stats" time="0.123" /><testcase classname="backend.tests.test_mediconsult.TestAdmin" name="test_admin_stats_unauthorized" time="0.101" /><testcase classname="backend.tests.test_mediconsult.TestAdmin" name="test_list_users_admin" time="0.106" /><testcase classname="backend.tests.test_mediconsult.TestAdmin" name="test_list_transactions_admin" time="0.103" /><testcase classname="backend.tests.test_mediconsult.TestAdmin" name="test_activity_logs" time="0.112" /></testsuite></testsuites>