<?xml version="1.0" encoding="utf-8"?><testsuites name="pytest tests"><testsuite name="pytest" errors="0" failures="1" skipped="0" tests="44" time="15.059" timestamp="2026-04-28T11:57:28.855795+00:00" hostname="agent-env-983f3441-7ad1-4c62-adad-848dda533dc7"><testcase classname="backend.tests.test_iter4_features.TestCustomHours" name="test_create_doctor_custom_hours_and_slots" time="0.733" /><testcase classname="backend.tests.test_iter4_features.TestCustomHours" name="test_legacy_doctor_default_slots" time="0.270"><failure message="AssertionError: assert '13:00' not in ['09:00', '09:30', '10:00', '10:30', '11:00', '11:30', ...]">backend/tests/test_iter4_features.py:87: in test_legacy_doctor_default_slots
    assert "13:00" not in slots  # lunch
    ^^^^^^^^^^^^^^^^^^^^^^^^^^^
E   AssertionError: assert '13:00' not in ['09:00', '09:30', '10:00', '10:30', '11:00', '11:30', ...]</failure></testcase><testcase classname="backend.tests.test_iter4_features.TestCustomHours" name="test_cleanup_custom_doc" time="0.101" /><testcase classname="backend.tests.test_iter4_features.TestProfile" name="test_patch_profile_no_auth" time="0.107" /><testcase classname="backend.tests.test_iter4_features.TestProfile" name="test_patch_profile_updates_fields" time="0.940" /><testcase classname="backend.tests.test_iter4_features.TestProfile" name="test_patch_profile_email_locked" time="0.107" /><testcase classname="backend.tests.test_iter4_features.TestReschedule" name="test_reschedule_to_future_slot" time="0.484" /><testcase classname="backend.tests.test_iter4_features.TestReschedule" name="test_reschedule_past_slot_rejected" time="0.101" /><testcase classname="backend.tests.test_iter4_features.TestReschedule" name="test_reschedule_clash_rejected" time="0.927" /><testcase classname="backend.tests.test_iter4_features.TestReschedule" name="test_reschedule_non_owner_forbidden" time="0.121" /><testcase classname="backend.tests.test_iter4_features.TestReschedule" name="test_admin_can_reschedule" time="0.134" /><testcase classname="backend.tests.test_iter4_features.TestReschedule" name="test_reschedule_cancelled_rejected" time="0.330" /><testcase classname="backend.tests.test_mediconsult.TestAuth" name="test_register_new_user" time="0.104" /><testcase classname="backend.tests.test_mediconsult.TestAuth" name="test_admin_login" time="0.330" /><testcase classname="backend.tests.test_mediconsult.TestAuth" name="test_login_invalid_credentials" time="0.108" /><testcase classname="backend.tests.test_mediconsult.TestAuth" name="test_get_me_with_token" time="0.489" /><testcase classname="backend.tests.test_mediconsult.TestAuth" name="test_get_me_no_token" time="0.116" /><testcase classname="backend.tests.test_mediconsult.TestAuth" name="test_google_auth_invalid_session" time="0.211" /><testcase classname="backend.tests.test_mediconsult.TestAuth" name="test_google_auth_missing_session" time="0.109" /><testcase classname="backend.tests.test_mediconsult.TestDoctors" name="test_list_doctors_public" time="0.109" /><testcase classname="backend.tests.test_mediconsult.TestDoctors" name="test_get_doctor_by_id" time="0.220" /><testcase classname="backend.tests.test_mediconsult.TestDoctors" name="test_get_available_slots" time="0.305" /><testcase classname="backend.tests.test_mediconsult.TestDoctors" name="test_create_doctor_as_admin" time="0.108" /><testcase classname="backend.tests.test_mediconsult.TestDoctors" name="test_create_doctor_unauthorized" time="0.555" /><testcase classname="backend.tests.test_mediconsult.TestDoctors" name="test_update_doctor_as_admin" time="0.106" /><testcase classname="backend.tests.test_mediconsult.TestDoctors" name="test_delete_doctor_as_admin" time="0.106" /><testcase classname="backend.tests.test_mediconsult.TestAppointments" name="test_create_appointment" time="0.227" /><testcase classname="backend.tests.test_mediconsult.TestAppointments" name="test_list_appointments_user" time="0.098" /><testcase classname="backend.tests.test_mediconsult.TestAppointments" name="test_list_appointments_admin" time="0.109" /><testcase classname="backend.tests.test_mediconsult.TestAppointments" name="test_get_appointment" time="0.102" /><testcase classname="backend.tests.test_mediconsult.TestAppointments" name="test_list_appointments_no_auth" time="0.101" /><testcase classname="backend.tests.test_mediconsult.TestPayments" name="test_initiate_payment_real_phonepe_v2" time="2.367" /><testcase classname="backend.tests.test_mediconsult.TestPayments" name="test_get_payment_status_pending" time="0.441" /><testcase classname="backend.tests.test_mediconsult.TestPayments" name="test_webhook_marks_completed" time="0.981" /><testcase classname="backend.tests.test_mediconsult.TestPayments" name="test_webhook_marks_failed" time="1.519" /><testcase classname="backend.tests.test_mediconsult.TestPayments" name="test_payment_invalid_txn" time="0.107" /><testcase classname="backend.tests.test_mediconsult.TestPayments" name="test_simulate_endpoint_still_works" time="0.762" /><testcase classname="backend.tests.test_mediconsult.TestAdmin" name="test_get_admin_stats" time="0.123" /><testcase classname="backend.tests.test_mediconsult.TestAdmin" name="test_admin_stats_unauthorized" time="0.102" /><testcase classname="backend.tests.test_mediconsult.TestAdmin" name="test_list_users_admin" time="0.108" /><testcase classname="backend.tests.test_mediconsult.TestAdmin" name="test_list_transactions_admin" time="0.110" /><testcase classname="backend.tests.test_mediconsult.TestAdmin" name="test_activity_logs" time="0.128" /><testcase classname="backend.tests.test_mediconsult.TestWebhookSignature" name="test_webhook_dev_mode_no_auth_header" time="0.108" /><testcase classname="backend.tests.test_mediconsult.TestWebhookSignature" name="test_webhook_dev_mode_with_random_auth_header" time="0.130" /></testsuite></testsuites>